<?xml version="1.0" encoding="UTF-8"?>
<!-- Generated by org.testng.reporters.JUnitXMLReporter -->
<testsuite hostname="f8ffc202c4b9.ant.amazon.com" ignored="2" name="Surefire test" tests="3" failures="0" timestamp="2021-12-12T20:52:11 CET" time="0.091" errors="0">
  <testcase name="@BeforeMethod setUpDriver" time="0.058" classname="base.BaseTestSetup">
    <failure type="java.lang.IllegalStateException" message="The driver is not executable: /Users/gorachz/eclipse-workspace/SpriteCloudToolsQATest/src/test/java/Utils/chromedriver.exe">
      <![CDATA[java.lang.IllegalStateException: The driver is not executable: /Users/gorachz/eclipse-workspace/SpriteCloudToolsQATest/src/test/java/Utils/chromedriver.exe
at com.google.common.base.Preconditions.checkState(Preconditions.java:585)
at org.openqa.selenium.remote.service.DriverService.checkExecutable(DriverService.java:150)
at org.openqa.selenium.remote.service.DriverService.findExecutable(DriverService.java:141)
at org.openqa.selenium.chrome.ChromeDriverService.access$000(ChromeDriverService.java:35)
at org.openqa.selenium.chrome.ChromeDriverService$Builder.findDefaultExecutable(ChromeDriverService.java:159)
at org.openqa.selenium.remote.service.DriverService$Builder.build(DriverService.java:355)
at org.openqa.selenium.chrome.ChromeDriverService.createDefaultService(ChromeDriverService.java:94)
at org.openqa.selenium.chrome.ChromeDriver.<init>(ChromeDriver.java:123)
at base.WebDriverSetUp.initializeDriver(WebDriverSetUp.java:21)
at base.BaseTestSetup.setUpDriver(BaseTestSetup.java:71)
at java.util.ArrayList.forEach(ArrayList.java:1259)
... Removed 36 stack frames]]>
    </failure>
  </testcase> <!-- @BeforeMethod setUpDriver -->
  <testcase name="@BeforeMethod beforeMethod" time="-1.639338731941E9" classname="allianzUITests.TestToolsQAUI">
    <skipped/>
  </testcase> <!-- @BeforeMethod beforeMethod -->
  <testcase name="@BeforeMethod setUpBrowser" time="-1.639338731941E9" classname="allianzUITests.TestToolsQAUI">
    <skipped/>
  </testcase> <!-- @BeforeMethod setUpBrowser -->
  <testcase name="@AfterMethod getTestResultInExtentReport" time="-1.639338731943E9" classname="base.BaseTestSetup">
    <skipped/>
  </testcase> <!-- @AfterMethod getTestResultInExtentReport -->
  <testcase name="@BeforeMethod before" time="-1.639338731944E9" classname="base.BaseTestSetup">
    <skipped/>
  </testcase> <!-- @BeforeMethod before -->
  <testcase name="@BeforeMethod setUpDriver" time="-1.639338731944E9" classname="base.BaseTestSetup">
    <skipped/>
  </testcase> <!-- @BeforeMethod setUpDriver -->
  <testcase name="@BeforeMethod beforeMethod" time="-1.639338731944E9" classname="allianzUITests.TestToolsQAUI">
    <skipped/>
  </testcase> <!-- @BeforeMethod beforeMethod -->
  <testcase name="@BeforeMethod setUpBrowser" time="-1.639338731944E9" classname="allianzUITests.TestToolsQAUI">
    <skipped/>
  </testcase> <!-- @BeforeMethod setUpBrowser -->
  <testcase name="@AfterMethod getTestResultInExtentReport" time="-1.639338731944E9" classname="base.BaseTestSetup">
    <skipped/>
  </testcase> <!-- @AfterMethod getTestResultInExtentReport -->
  <testcase name="@BeforeMethod setUpDriver" time="0.001" classname="base.BaseTestSetup">
    <failure type="java.lang.IllegalStateException" message="The driver is not executable: /Users/gorachz/eclipse-workspace/SpriteCloudToolsQATest/src/test/java/Utils/chromedriver.exe">
      <![CDATA[java.lang.IllegalStateException: The driver is not executable: /Users/gorachz/eclipse-workspace/SpriteCloudToolsQATest/src/test/java/Utils/chromedriver.exe
at com.google.common.base.Preconditions.checkState(Preconditions.java:585)
at org.openqa.selenium.remote.service.DriverService.checkExecutable(DriverService.java:150)
at org.openqa.selenium.remote.service.DriverService.findExecutable(DriverService.java:141)
at org.openqa.selenium.chrome.ChromeDriverService.access$000(ChromeDriverService.java:35)
at org.openqa.selenium.chrome.ChromeDriverService$Builder.findDefaultExecutable(ChromeDriverService.java:159)
at org.openqa.selenium.remote.service.DriverService$Builder.build(DriverService.java:355)
at org.openqa.selenium.chrome.ChromeDriverService.createDefaultService(ChromeDriverService.java:94)
at org.openqa.selenium.chrome.ChromeDriver.<init>(ChromeDriver.java:123)
at base.WebDriverSetUp.initializeDriver(WebDriverSetUp.java:21)
at base.BaseTestSetup.setUpDriver(BaseTestSetup.java:71)
at java.util.ArrayList.forEach(ArrayList.java:1259)
... Removed 36 stack frames]]>
    </failure>
  </testcase> <!-- @BeforeMethod setUpDriver -->
  <testcase name="@BeforeMethod beforeMethod" time="-1.639338731948E9" classname="allianzUITests.TestDemoQAUI">
    <skipped/>
  </testcase> <!-- @BeforeMethod beforeMethod -->
  <testcase name="@BeforeMethod setUpBrowser" time="-1.639338731948E9" classname="allianzUITests.TestDemoQAUI">
    <skipped/>
  </testcase> <!-- @BeforeMethod setUpBrowser -->
  <testcase name="@AfterMethod getTestResultInExtentReport" time="-1.639338731949E9" classname="base.BaseTestSetup">
    <skipped/>
  </testcase> <!-- @AfterMethod getTestResultInExtentReport -->
  <testcase name="testSearchTutorials" time="0.0" classname="allianzUITests.TestToolsQAUI">
    <skipped/>
  </testcase> <!-- testSearchTutorials -->
  <testcase name="testTutorialsTabMenu" time="0.0" classname="allianzUITests.TestToolsQAUI">
    <skipped/>
  </testcase> <!-- testTutorialsTabMenu -->
  <testcase name="testRegistrationFormIsPresent" time="0.0" classname="allianzUITests.TestDemoQAUI">
    <skipped/>
  </testcase> <!-- testRegistrationFormIsPresent -->
  <testcase name="@BeforeSuite beforeSuite" time="0.0" classname="base.BaseTestSetup">
    <ignored/>
  </testcase> <!-- @BeforeSuite beforeSuite -->
  <testcase name="@BeforeTest beforeTest" time="0.0" classname="base.BaseTestSetup">
    <ignored/>
  </testcase> <!-- @BeforeTest beforeTest -->
</testsuite> <!-- Surefire test -->
