<!DOCTYPE html PUBLIC "-//W3C//DTD XHTML 1.1//EN" "https://www.w3.org/TR/xhtml11/DTD/xhtml11.dtd">
<html xmlns="https://www.w3.org/1999/xhtml">
<head>
<meta http-equiv="content-type" content="text/html; charset=UTF-8"/>
<title>TestNG Report</title>
<style type="text/css">table {margin-bottom:10px;border-collapse:collapse;empty-cells:show}th,td {border:1px solid #009;padding:.25em .5em}th {vertical-align:bottom}td {vertical-align:top}table a {font-weight:bold}.stripe td {background-color: #E6EBF9}.num {text-align:right}.passedodd td {background-color: #3F3}.passedeven td {background-color: #0A0}.skippedodd td {background-color: #DDD}.skippedeven td {background-color: #CCC}.failedodd td,.attn {background-color: #F33}.failedeven td,.stripe .attn {background-color: #D00}.stacktrace {white-space:pre;font-family:monospace}.totop {font-size:85%;text-align:center;border-bottom:2px solid #000}.invisible {display:none}</style>
</head>
<body>
<table>
<tr><th>Test</th><th># Passed</th><th># Skipped</th><th># Retried</th><th># Failed</th><th>Time (ms)</th><th>Included Groups</th><th>Excluded Groups</th></tr>
<tr><th colspan="8">Surefire suite</th></tr>
<tr><td><a href="#t0">Surefire test</a></td><td class="num">0</td><td class="num attn">3</td><td class="num">0</td><td class="num">0</td><td class="num">91</td><td></td><td></td></tr>
</table>
<table id='summary'><thead><tr><th>Class</th><th>Method</th><th>Start</th><th>Time (ms)</th></tr></thead><tbody><tr><th colspan="4">Surefire suite</th></tr></tbody><tbody id="t0"><tr><th colspan="4">Surefire test &#8212; failed (configuration methods)</th></tr><tr class="failedeven"><td rowspan="1">allianzUITests.TestDemoQAUI</td><td><a href="#m0">setUpDriver</a></td><td rowspan="1">1639338731947</td><td rowspan="1">1</td></tr><tr class="failedodd"><td rowspan="1">allianzUITests.TestToolsQAUI</td><td><a href="#m1">setUpDriver</a></td><td rowspan="1">1639338731879</td><td rowspan="1">58</td></tr><tr><th colspan="4">Surefire test &#8212; skipped (configuration methods)</th></tr><tr class="skippedeven"><td rowspan="3">allianzUITests.TestDemoQAUI</td><td><a href="#m2">beforeMethod</a></td><td rowspan="1">1639338731948</td><td rowspan="1">-1639338731948</td></tr><tr class="skippedeven"><td><a href="#m3">getTestResultInExtentReport</a></td><td rowspan="1">1639338731949</td><td rowspan="1">-1639338731949</td></tr><tr class="skippedeven"><td><a href="#m4">setUpBrowser</a></td><td rowspan="1">1639338731948</td><td rowspan="1">-1639338731948</td></tr><tr class="skippedodd"><td rowspan="8">allianzUITests.TestToolsQAUI</td><td><a href="#m5">before</a></td><td rowspan="1">1639338731944</td><td rowspan="1">-1639338731944</td></tr><tr class="skippedodd"><td><a href="#m6">beforeMethod</a></td><td rowspan="2">1639338731941</td><td rowspan="2">-1639338731941</td></tr><tr class="skippedodd"><td><a href="#m7">beforeMethod</a></td></tr><tr class="skippedodd"><td><a href="#m8">getTestResultInExtentReport</a></td><td rowspan="2">1639338731944</td><td rowspan="2">-1639338731944</td></tr><tr class="skippedodd"><td><a href="#m9">getTestResultInExtentReport</a></td></tr><tr class="skippedodd"><td><a href="#m10">setUpBrowser</a></td><td rowspan="2">1639338731944</td><td rowspan="2">-1639338731944</td></tr><tr class="skippedodd"><td><a href="#m11">setUpBrowser</a></td></tr><tr class="skippedodd"><td><a href="#m12">setUpDriver</a></td><td rowspan="1">1639338731944</td><td rowspan="1">-1639338731944</td></tr><tr><th colspan="4">Surefire test &#8212; skipped</th></tr><tr class="skippedeven"><td rowspan="1">allianzUITests.TestDemoQAUI</td><td><a href="#m13">testRegistrationFormIsPresent</a></td><td rowspan="1">1639338731948</td><td rowspan="1">0</td></tr><tr class="skippedodd"><td rowspan="2">allianzUITests.TestToolsQAUI</td><td><a href="#m14">testSearchTutorials</a></td><td rowspan="1">1639338731942</td><td rowspan="1">0</td></tr><tr class="skippedodd"><td><a href="#m15">testTutorialsTabMenu</a></td><td rowspan="1">1639338731944</td><td rowspan="1">0</td></tr></tbody>
</table>
<h2>Surefire test</h2><h3 id="m0">allianzUITests.TestDemoQAUI#setUpDriver</h3><table class="result"><tr><th>Exception</th></tr><tr><td><div class="stacktrace">java.lang.IllegalStateException: The driver is not executable: /Users/gorachz/eclipse-workspace/SpriteCloudToolsQATest/src/test/java/Utils/chromedriver.exe
	at com.google.common.base.Preconditions.checkState(Preconditions.java:585)
	at org.openqa.selenium.remote.service.DriverService.checkExecutable(DriverService.java:150)
	at org.openqa.selenium.remote.service.DriverService.findExecutable(DriverService.java:141)
	at org.openqa.selenium.chrome.ChromeDriverService.access$000(ChromeDriverService.java:35)
	at org.openqa.selenium.chrome.ChromeDriverService$Builder.findDefaultExecutable(ChromeDriverService.java:159)
	at org.openqa.selenium.remote.service.DriverService$Builder.build(DriverService.java:355)
	at org.openqa.selenium.chrome.ChromeDriverService.createDefaultService(ChromeDriverService.java:94)
	at org.openqa.selenium.chrome.ChromeDriver.&lt;init&gt;(ChromeDriver.java:123)
	at base.WebDriverSetUp.initializeDriver(WebDriverSetUp.java:21)
	at base.BaseTestSetup.setUpDriver(BaseTestSetup.java:71)
	at java.util.ArrayList.forEach(ArrayList.java:1259)
... Removed 36 stack frames</div></td></tr></table><p class="totop"><a href="#summary">back to summary</a></p>
<h3 id="m1">allianzUITests.TestToolsQAUI#setUpDriver</h3><table class="result"><tr><th>Exception</th></tr><tr><td><div class="stacktrace">java.lang.IllegalStateException: The driver is not executable: /Users/gorachz/eclipse-workspace/SpriteCloudToolsQATest/src/test/java/Utils/chromedriver.exe
	at com.google.common.base.Preconditions.checkState(Preconditions.java:585)
	at org.openqa.selenium.remote.service.DriverService.checkExecutable(DriverService.java:150)
	at org.openqa.selenium.remote.service.DriverService.findExecutable(DriverService.java:141)
	at org.openqa.selenium.chrome.ChromeDriverService.access$000(ChromeDriverService.java:35)
	at org.openqa.selenium.chrome.ChromeDriverService$Builder.findDefaultExecutable(ChromeDriverService.java:159)
	at org.openqa.selenium.remote.service.DriverService$Builder.build(DriverService.java:355)
	at org.openqa.selenium.chrome.ChromeDriverService.createDefaultService(ChromeDriverService.java:94)
	at org.openqa.selenium.chrome.ChromeDriver.&lt;init&gt;(ChromeDriver.java:123)
	at base.WebDriverSetUp.initializeDriver(WebDriverSetUp.java:21)
	at base.BaseTestSetup.setUpDriver(BaseTestSetup.java:71)
	at java.util.ArrayList.forEach(ArrayList.java:1259)
... Removed 36 stack frames</div></td></tr></table><p class="totop"><a href="#summary">back to summary</a></p>
<h3 id="m2">allianzUITests.TestDemoQAUI#beforeMethod</h3><table class="result"><tr><th class="invisible"/></tr></table><p class="totop"><a href="#summary">back to summary</a></p>
<h3 id="m3">allianzUITests.TestDemoQAUI#getTestResultInExtentReport</h3><table class="result"><tr><th class="invisible"/></tr></table><p class="totop"><a href="#summary">back to summary</a></p>
<h3 id="m4">allianzUITests.TestDemoQAUI#setUpBrowser</h3><table class="result"><tr><th class="invisible"/></tr></table><p class="totop"><a href="#summary">back to summary</a></p>
<h3 id="m5">allianzUITests.TestToolsQAUI#before</h3><table class="result"><tr><th class="invisible"/></tr></table><p class="totop"><a href="#summary">back to summary</a></p>
<h3 id="m6">allianzUITests.TestToolsQAUI#beforeMethod</h3><table class="result"><tr><th class="invisible"/></tr></table><p class="totop"><a href="#summary">back to summary</a></p>
<h3 id="m7">allianzUITests.TestToolsQAUI#beforeMethod</h3><table class="result"><tr><th class="invisible"/></tr></table><p class="totop"><a href="#summary">back to summary</a></p>
<h3 id="m8">allianzUITests.TestToolsQAUI#getTestResultInExtentReport</h3><table class="result"><tr><th class="invisible"/></tr></table><p class="totop"><a href="#summary">back to summary</a></p>
<h3 id="m9">allianzUITests.TestToolsQAUI#getTestResultInExtentReport</h3><table class="result"><tr><th class="invisible"/></tr></table><p class="totop"><a href="#summary">back to summary</a></p>
<h3 id="m10">allianzUITests.TestToolsQAUI#setUpBrowser</h3><table class="result"><tr><th class="invisible"/></tr></table><p class="totop"><a href="#summary">back to summary</a></p>
<h3 id="m11">allianzUITests.TestToolsQAUI#setUpBrowser</h3><table class="result"><tr><th class="invisible"/></tr></table><p class="totop"><a href="#summary">back to summary</a></p>
<h3 id="m12">allianzUITests.TestToolsQAUI#setUpDriver</h3><table class="result"><tr><th class="invisible"/></tr></table><p class="totop"><a href="#summary">back to summary</a></p>
<h3 id="m13">allianzUITests.TestDemoQAUI#testRegistrationFormIsPresent</h3><table class="result"><tr><th>Exception</th></tr><tr><td><div class="stacktrace">java.lang.IllegalStateException: The driver is not executable: /Users/gorachz/eclipse-workspace/SpriteCloudToolsQATest/src/test/java/Utils/chromedriver.exe
	at com.google.common.base.Preconditions.checkState(Preconditions.java:585)
	at org.openqa.selenium.remote.service.DriverService.checkExecutable(DriverService.java:150)
	at org.openqa.selenium.remote.service.DriverService.findExecutable(DriverService.java:141)
	at org.openqa.selenium.chrome.ChromeDriverService.access$000(ChromeDriverService.java:35)
	at org.openqa.selenium.chrome.ChromeDriverService$Builder.findDefaultExecutable(ChromeDriverService.java:159)
	at org.openqa.selenium.remote.service.DriverService$Builder.build(DriverService.java:355)
	at org.openqa.selenium.chrome.ChromeDriverService.createDefaultService(ChromeDriverService.java:94)
	at org.openqa.selenium.chrome.ChromeDriver.&lt;init&gt;(ChromeDriver.java:123)
	at base.WebDriverSetUp.initializeDriver(WebDriverSetUp.java:21)
	at base.BaseTestSetup.setUpDriver(BaseTestSetup.java:71)
	at java.util.ArrayList.forEach(ArrayList.java:1259)
... Removed 36 stack frames</div></td></tr></table><p class="totop"><a href="#summary">back to summary</a></p>
<h3 id="m14">allianzUITests.TestToolsQAUI#testSearchTutorials</h3><table class="result"><tr><th>Exception</th></tr><tr><td><div class="stacktrace">java.lang.IllegalStateException: The driver is not executable: /Users/gorachz/eclipse-workspace/SpriteCloudToolsQATest/src/test/java/Utils/chromedriver.exe
	at com.google.common.base.Preconditions.checkState(Preconditions.java:585)
	at org.openqa.selenium.remote.service.DriverService.checkExecutable(DriverService.java:150)
	at org.openqa.selenium.remote.service.DriverService.findExecutable(DriverService.java:141)
	at org.openqa.selenium.chrome.ChromeDriverService.access$000(ChromeDriverService.java:35)
	at org.openqa.selenium.chrome.ChromeDriverService$Builder.findDefaultExecutable(ChromeDriverService.java:159)
	at org.openqa.selenium.remote.service.DriverService$Builder.build(DriverService.java:355)
	at org.openqa.selenium.chrome.ChromeDriverService.createDefaultService(ChromeDriverService.java:94)
	at org.openqa.selenium.chrome.ChromeDriver.&lt;init&gt;(ChromeDriver.java:123)
	at base.WebDriverSetUp.initializeDriver(WebDriverSetUp.java:21)
	at base.BaseTestSetup.setUpDriver(BaseTestSetup.java:71)
	at java.util.ArrayList.forEach(ArrayList.java:1259)
... Removed 36 stack frames</div></td></tr></table><p class="totop"><a href="#summary">back to summary</a></p>
<h3 id="m15">allianzUITests.TestToolsQAUI#testTutorialsTabMenu</h3><table class="result"><tr><th>Exception</th></tr><tr><td><div class="stacktrace">java.lang.IllegalStateException: The driver is not executable: /Users/gorachz/eclipse-workspace/SpriteCloudToolsQATest/src/test/java/Utils/chromedriver.exe
	at com.google.common.base.Preconditions.checkState(Preconditions.java:585)
	at org.openqa.selenium.remote.service.DriverService.checkExecutable(DriverService.java:150)
	at org.openqa.selenium.remote.service.DriverService.findExecutable(DriverService.java:141)
	at org.openqa.selenium.chrome.ChromeDriverService.access$000(ChromeDriverService.java:35)
	at org.openqa.selenium.chrome.ChromeDriverService$Builder.findDefaultExecutable(ChromeDriverService.java:159)
	at org.openqa.selenium.remote.service.DriverService$Builder.build(DriverService.java:355)
	at org.openqa.selenium.chrome.ChromeDriverService.createDefaultService(ChromeDriverService.java:94)
	at org.openqa.selenium.chrome.ChromeDriver.&lt;init&gt;(ChromeDriver.java:123)
	at base.WebDriverSetUp.initializeDriver(WebDriverSetUp.java:21)
	at base.BaseTestSetup.setUpDriver(BaseTestSetup.java:71)
	at java.util.ArrayList.forEach(ArrayList.java:1259)
... Removed 36 stack frames</div></td></tr></table><p class="totop"><a href="#summary">back to summary</a></p>
</body>
</html>
